<?xml version="1.0" encoding="UTF-8"?>
<testng-results ignored="0" total="2" passed="2" failed="0" skipped="0">
  <reporter-output>
  </reporter-output>
  <suite started-at="2019-10-19T19:08:57Z" name="Suite" finished-at="2019-10-19T19:10:46Z" duration-ms="109133">
    <groups>
    </groups>
    <test started-at="2019-10-19T19:08:57Z" name="Test" finished-at="2019-10-19T19:10:46Z" duration-ms="109133">
      <class name="tests.test">
        <test-method is-config="true" signature="suite(org.testng.ITestContext)[pri:0, instance:tests.test@10d68fcd]" started-at="2019-10-19T19:08:57Z" name="suite" finished-at="2019-10-19T19:08:57Z" duration-ms="90" status="PASS">
          <params>
            <param index="0">
              <value>
                <![CDATA[org.testng.TestRunner@3f0d6038]]>
              </value>
            </param>
          </params>
          <reporter-output>
          </reporter-output>
        </test-method> <!-- suite -->
        <test-method is-config="true" signature="beforeTest(java.lang.String)[pri:0, instance:tests.test@10d68fcd]" started-at="2019-10-19T19:08:58Z" name="beforeTest" finished-at="2019-10-19T19:09:05Z" duration-ms="6825" status="PASS">
          <params>
            <param index="0">
              <value>
                <![CDATA[Chrome]]>
              </value>
            </param>
          </params>
          <reporter-output>
          </reporter-output>
        </test-method> <!-- beforeTest -->
        <test-method signature="testUserStory1(java.lang.String, java.lang.String, java.lang.reflect.Method)[pri:0, instance:tests.test@10d68fcd]" started-at="2019-10-19T19:09:05Z" name="testUserStory1" data-provider="dataUserStory1" finished-at="2019-10-19T19:09:49Z" duration-ms="43856" status="PASS">
          <params>
            <param index="0">
              <value>
                <![CDATA[www.carnival.com ]]>
              </value>
            </param>
            <param index="1">
              <value>
                <![CDATA[6 - 9 DAYS]]>
              </value>
            </param>
            <param index="2">
              <value>
                <![CDATA[public void tests.test.testUserStory1(java.lang.String,java.lang.String,java.lang.reflect.Method) throws java.lang.Exception]]>
              </value>
            </param>
          </params>
          <reporter-output>
          </reporter-output>
        </test-method> <!-- testUserStory1 -->
        <test-method is-config="true" signature="afterTest()[pri:0, instance:tests.test@10d68fcd]" started-at="2019-10-19T19:09:49Z" name="afterTest" finished-at="2019-10-19T19:09:50Z" duration-ms="565" status="PASS">
          <reporter-output>
          </reporter-output>
        </test-method> <!-- afterTest -->
        <test-method is-config="true" signature="beforeTest(java.lang.String)[pri:0, instance:tests.test@10d68fcd]" started-at="2019-10-19T19:09:50Z" name="beforeTest" finished-at="2019-10-19T19:10:00Z" duration-ms="10044" status="PASS">
          <params>
            <param index="0">
              <value>
                <![CDATA[Chrome]]>
              </value>
            </param>
          </params>
          <reporter-output>
          </reporter-output>
        </test-method> <!-- beforeTest -->
        <test-method signature="testUserStory2(java.lang.String, java.lang.String, java.lang.reflect.Method)[pri:0, instance:tests.test@10d68fcd]" started-at="2019-10-19T19:10:00Z" name="testUserStory2" data-provider="dataUserStory2" finished-at="2019-10-19T19:10:45Z" duration-ms="44789" status="PASS">
          <params>
            <param index="0">
              <value>
                <![CDATA[www.carnival.com ]]>
              </value>
            </param>
            <param index="1">
              <value>
                <![CDATA[Barbados]]>
              </value>
            </param>
            <param index="2">
              <value>
                <![CDATA[public void tests.test.testUserStory2(java.lang.String,java.lang.String,java.lang.reflect.Method) throws java.lang.Exception]]>
              </value>
            </param>
          </params>
          <reporter-output>
          </reporter-output>
        </test-method> <!-- testUserStory2 -->
        <test-method is-config="true" signature="afterTest()[pri:0, instance:tests.test@10d68fcd]" started-at="2019-10-19T19:10:45Z" name="afterTest" finished-at="2019-10-19T19:10:46Z" duration-ms="720" status="PASS">
          <reporter-output>
          </reporter-output>
        </test-method> <!-- afterTest -->
      </class> <!-- tests.test -->
    </test> <!-- Test -->
  </suite> <!-- Suite -->
</testng-results>
